  Link.cpp
  LinkManager.cpp
  Record.cpp
C:\Program Files (x86)\Microsoft Visual Studio\2019\Enterprise\VC\Tools\MSVC\14.29.30133\include\list(1275,57): error C2280: 'std::unique_ptr<BaseProperty,std::default_delete<BaseProperty>> &std::unique_ptr<BaseProperty,std::default_delete<BaseProperty>>::operator =(const std::unique_ptr<BaseProperty,std::default_delete<BaseProperty>> &)': attempting to reference a deleted function
C:\Program Files (x86)\Microsoft Visual Studio\2019\Enterprise\VC\Tools\MSVC\14.29.30133\include\memory(3238): message : see declaration of 'std::unique_ptr<BaseProperty,std::default_delete<BaseProperty>>::operator ='
C:\Program Files (x86)\Microsoft Visual Studio\2019\Enterprise\VC\Tools\MSVC\14.29.30133\include\memory(3238,17): message : 'std::unique_ptr<BaseProperty,std::default_delete<BaseProperty>> &std::unique_ptr<BaseProperty,std::default_delete<BaseProperty>>::operator =(const std::unique_ptr<BaseProperty,std::default_delete<BaseProperty>> &)': function was explicitly deleted
C:\Program Files (x86)\Microsoft Visual Studio\2019\Enterprise\VC\Tools\MSVC\14.29.30133\include\list(1284): message : see reference to function template instantiation 'void std::list<PropertyPtr,std::allocator<PropertyPtr>>::_Assign_cast<std::unique_ptr<BaseProperty,std::default_delete<BaseProperty>>&,_Iter>(_UIter,const _UIter)' being compiled
          with
          [
              _Iter=std::_List_unchecked_const_iterator<std::_List_val<std::_List_simple_types<PropertyPtr>>,std::_Iterator_base0>,
              _UIter=std::_List_unchecked_const_iterator<std::_List_val<std::_List_simple_types<PropertyPtr>>,std::_Iterator_base0>
          ]
C:\Program Files (x86)\Microsoft Visual Studio\2019\Enterprise\VC\Tools\MSVC\14.29.30133\include\list(1284): message : see reference to function template instantiation 'void std::list<PropertyPtr,std::allocator<PropertyPtr>>::_Assign_cast<std::unique_ptr<BaseProperty,std::default_delete<BaseProperty>>&,_Iter>(_UIter,const _UIter)' being compiled
          with
          [
              _Iter=std::_List_unchecked_const_iterator<std::_List_val<std::_List_simple_types<PropertyPtr>>,std::_Iterator_base0>,
              _UIter=std::_List_unchecked_const_iterator<std::_List_val<std::_List_simple_types<PropertyPtr>>,std::_Iterator_base0>
          ]
C:\Program Files (x86)\Microsoft Visual Studio\2019\Enterprise\VC\Tools\MSVC\14.29.30133\include\list(1062): message : see reference to function template instantiation 'void std::list<PropertyPtr,std::allocator<PropertyPtr>>::assign<std::_List_unchecked_const_iterator<std::_List_val<std::_List_simple_types<_Ty>>,std::_Iterator_base0>,0>(_Iter,_Iter)' being compiled
          with
          [
              _Ty=PropertyPtr,
              _Iter=std::_List_unchecked_const_iterator<std::_List_val<std::_List_simple_types<PropertyPtr>>,std::_Iterator_base0>
          ]
C:\Program Files (x86)\Microsoft Visual Studio\2019\Enterprise\VC\Tools\MSVC\14.29.30133\include\list(1062): message : see reference to function template instantiation 'void std::list<PropertyPtr,std::allocator<PropertyPtr>>::assign<std::_List_unchecked_const_iterator<std::_List_val<std::_List_simple_types<_Ty>>,std::_Iterator_base0>,0>(_Iter,_Iter)' being compiled
          with
          [
              _Ty=PropertyPtr,
              _Iter=std::_List_unchecked_const_iterator<std::_List_val<std::_List_simple_types<PropertyPtr>>,std::_Iterator_base0>
          ]
C:\Program Files (x86)\Microsoft Visual Studio\2019\Enterprise\VC\Tools\MSVC\14.29.30133\include\list(1060): message : while compiling class template member function 'void std::list<PropertyPtr,std::allocator<PropertyPtr>>::_Copy_assign(const std::list<PropertyPtr,std::allocator<PropertyPtr>> &,std::false_type)'
C:\Program Files (x86)\Microsoft Visual Studio\2019\Enterprise\VC\Tools\MSVC\14.29.30133\include\list(1076): message : see reference to function template instantiation 'void std::list<PropertyPtr,std::allocator<PropertyPtr>>::_Copy_assign(const std::list<PropertyPtr,std::allocator<PropertyPtr>> &,std::false_type)' being compiled
C:\Users\kevin\Desktop\LOG1410\TP5\MordusRecords\PropertyContainer.h(17): message : see reference to class template instantiation 'std::list<PropertyPtr,std::allocator<PropertyPtr>>' being compiled
  RecordManager.cpp
C:\Program Files (x86)\Microsoft Visual Studio\2019\Enterprise\VC\Tools\MSVC\14.29.30133\include\xmemory(681,47): error C2280: 'std::unique_ptr<Record,std::default_delete<Record>>::unique_ptr(const std::unique_ptr<Record,std::default_delete<Record>> &)': attempting to reference a deleted function
C:\Program Files (x86)\Microsoft Visual Studio\2019\Enterprise\VC\Tools\MSVC\14.29.30133\include\memory(3237): message : see declaration of 'std::unique_ptr<Record,std::default_delete<Record>>::unique_ptr'
C:\Program Files (x86)\Microsoft Visual Studio\2019\Enterprise\VC\Tools\MSVC\14.29.30133\include\memory(3237,5): message : 'std::unique_ptr<Record,std::default_delete<Record>>::unique_ptr(const std::unique_ptr<Record,std::default_delete<Record>> &)': function was explicitly deleted
C:\Program Files (x86)\Microsoft Visual Studio\2019\Enterprise\VC\Tools\MSVC\14.29.30133\include\list(582): message : see reference to function template instantiation 'void std::_Default_allocator_traits<_Alloc>::construct<_Ty,const _Ty&>(_Alloc &,_Objty *const ,const _Ty &)' being compiled
          with
          [
              _Alloc=std::allocator<std::_List_node<RecordPtr,std::_Default_allocator_traits<std::allocator<RecordPtr>>::void_pointer>>,
              _Ty=RecordPtr,
              _Objty=RecordPtr
          ]
C:\Program Files (x86)\Microsoft Visual Studio\2019\Enterprise\VC\Tools\MSVC\14.29.30133\include\list(584): message : see reference to function template instantiation 'void std::_Default_allocator_traits<_Alloc>::construct<_Ty,const _Ty&>(_Alloc &,_Objty *const ,const _Ty &)' being compiled
          with
          [
              _Alloc=std::allocator<std::_List_node<RecordPtr,std::_Default_allocator_traits<std::allocator<RecordPtr>>::void_pointer>>,
              _Ty=RecordPtr,
              _Objty=RecordPtr
          ]
C:\Program Files (x86)\Microsoft Visual Studio\2019\Enterprise\VC\Tools\MSVC\14.29.30133\include\list(1003): message : see reference to function template instantiation 'std::_List_node_emplace_op2<std::allocator<std::_List_node<_Ty,std::_Default_allocator_traits<_Alloc>::void_pointer>>>::_List_node_emplace_op2<const _Ty&>(_Alnode &,const _Ty &)' being compiled
          with
          [
              _Ty=RecordPtr,
              _Alloc=std::allocator<RecordPtr>,
              _Alnode=std::allocator<std::_List_node<RecordPtr,std::_Default_allocator_traits<std::allocator<RecordPtr>>::void_pointer>>
          ]
C:\Program Files (x86)\Microsoft Visual Studio\2019\Enterprise\VC\Tools\MSVC\14.29.30133\include\list(1009): message : see reference to function template instantiation 'std::_List_node_emplace_op2<std::allocator<std::_List_node<_Ty,std::_Default_allocator_traits<_Alloc>::void_pointer>>>::_List_node_emplace_op2<const _Ty&>(_Alnode &,const _Ty &)' being compiled
          with
          [
              _Ty=RecordPtr,
              _Alloc=std::allocator<RecordPtr>,
              _Alnode=std::allocator<std::_List_node<RecordPtr,std::_Default_allocator_traits<std::allocator<RecordPtr>>::void_pointer>>
          ]
C:\Program Files (x86)\Microsoft Visual Studio\2019\Enterprise\VC\Tools\MSVC\14.29.30133\include\list(1243): message : see reference to function template instantiation 'std::_List_node<_Ty,std::_Default_allocator_traits<_Alloc>::void_pointer> *std::list<_Ty,_Alloc>::_Emplace<const _Ty&>(std::_List_node<_Ty,std::_Default_allocator_traits<_Alloc>::void_pointer> *const ,const _Ty &)' being compiled
          with
          [
              _Ty=RecordPtr,
              _Alloc=std::allocator<RecordPtr>
          ]
C:\Program Files (x86)\Microsoft Visual Studio\2019\Enterprise\VC\Tools\MSVC\14.29.30133\include\list(1243): message : see reference to function template instantiation 'std::_List_node<_Ty,std::_Default_allocator_traits<_Alloc>::void_pointer> *std::list<_Ty,_Alloc>::_Emplace<const _Ty&>(std::_List_node<_Ty,std::_Default_allocator_traits<_Alloc>::void_pointer> *const ,const _Ty &)' being compiled
          with
          [
              _Ty=RecordPtr,
              _Alloc=std::allocator<RecordPtr>
          ]
C:\Program Files (x86)\Microsoft Visual Studio\2019\Enterprise\VC\Tools\MSVC\14.29.30133\include\list(1242): message : while compiling class template member function 'void std::list<RecordPtr,std::allocator<RecordPtr>>::push_back(const _Ty &)'
          with
          [
              _Ty=RecordPtr
          ]
C:\Users\kevin\Desktop\LOG1410\TP5\MordusRecords\RecordManager.cpp(24): message : see reference to function template instantiation 'void std::list<RecordPtr,std::allocator<RecordPtr>>::push_back(const _Ty &)' being compiled
          with
          [
              _Ty=RecordPtr
          ]
C:\Users\kevin\Desktop\LOG1410\TP5\MordusRecords\RecordContainer.h(17): message : see reference to class template instantiation 'std::list<RecordPtr,std::allocator<RecordPtr>>' being compiled
  SectionProperty.cpp
C:\Program Files (x86)\Microsoft Visual Studio\2019\Enterprise\VC\Tools\MSVC\14.29.30133\include\memory(3381): error C2259: 'BaseProperty': cannot instantiate abstract class
C:\Users\kevin\Desktop\LOG1410\TP5\MordusRecords\BaseProperty.h(29): message : see declaration of 'BaseProperty'
C:\Program Files (x86)\Microsoft Visual Studio\2019\Enterprise\VC\Tools\MSVC\14.29.30133\include\memory(3381): message : due to following members:
C:\Program Files (x86)\Microsoft Visual Studio\2019\Enterprise\VC\Tools\MSVC\14.29.30133\include\memory(3381): message : 'BaseProperty *BaseProperty::clone(void) const': is abstract
C:\Users\kevin\Desktop\LOG1410\TP5\MordusRecords\BaseProperty.h(35): message : see declaration of 'BaseProperty::clone'
C:\Program Files (x86)\Microsoft Visual Studio\2019\Enterprise\VC\Tools\MSVC\14.29.30133\include\memory(3381): message : 'std::string BaseProperty::getValueAsString(void) const': is abstract
C:\Users\kevin\Desktop\LOG1410\TP5\MordusRecords\BaseProperty.h(39): message : see declaration of 'BaseProperty::getValueAsString'
C:\Program Files (x86)\Microsoft Visual Studio\2019\Enterprise\VC\Tools\MSVC\14.29.30133\include\memory(3381): message : 'std::ostream &BaseProperty::printToStream(std::ostream &) const': is abstract
C:\Users\kevin\Desktop\LOG1410\TP5\MordusRecords\BaseProperty.h(52): message : see declaration of 'BaseProperty::printToStream'
C:\Users\kevin\Desktop\LOG1410\TP5\MordusRecords\SectionProperty.cpp(22): message : see reference to function template instantiation 'std::unique_ptr<BaseProperty,std::default_delete<BaseProperty>> std::make_unique<BaseProperty,BaseProperty*,0>(BaseProperty *&&)' being compiled
C:\Program Files (x86)\Microsoft Visual Studio\2019\Enterprise\VC\Tools\MSVC\14.29.30133\include\memory(3382,35): error C2259: 'BaseProperty': cannot instantiate abstract class
C:\Users\kevin\Desktop\LOG1410\TP5\MordusRecords\BaseProperty.h(29): message : see declaration of 'BaseProperty'
C:\Program Files (x86)\Microsoft Visual Studio\2019\Enterprise\VC\Tools\MSVC\14.29.30133\include\memory(3382,35): message : due to following members:
C:\Program Files (x86)\Microsoft Visual Studio\2019\Enterprise\VC\Tools\MSVC\14.29.30133\include\memory(3382,35): message : 'BaseProperty *BaseProperty::clone(void) const': is abstract
C:\Users\kevin\Desktop\LOG1410\TP5\MordusRecords\BaseProperty.h(35): message : see declaration of 'BaseProperty::clone'
C:\Program Files (x86)\Microsoft Visual Studio\2019\Enterprise\VC\Tools\MSVC\14.29.30133\include\memory(3382,35): message : 'std::string BaseProperty::getValueAsString(void) const': is abstract
C:\Users\kevin\Desktop\LOG1410\TP5\MordusRecords\BaseProperty.h(39): message : see declaration of 'BaseProperty::getValueAsString'
C:\Program Files (x86)\Microsoft Visual Studio\2019\Enterprise\VC\Tools\MSVC\14.29.30133\include\memory(3382,35): message : 'std::ostream &BaseProperty::printToStream(std::ostream &) const': is abstract
C:\Users\kevin\Desktop\LOG1410\TP5\MordusRecords\BaseProperty.h(52): message : see declaration of 'BaseProperty::printToStream'
C:\Program Files (x86)\Microsoft Visual Studio\2019\Enterprise\VC\Tools\MSVC\14.29.30133\include\memory(3382,35): error C2664: 'BaseProperty::BaseProperty(std::string)': cannot convert argument 1 from '_Ty' to 'std::string'
          with
          [
              _Ty=BaseProperty *
          ]
C:\Program Files (x86)\Microsoft Visual Studio\2019\Enterprise\VC\Tools\MSVC\14.29.30133\include\memory(3381,1): message : No constructor could take the source type, or constructor overload resolution was ambiguous
C:\Users\kevin\Desktop\LOG1410\TP5\MordusRecords\BaseProperty.h(33,2): message : see declaration of 'BaseProperty::BaseProperty'
  Generating Code...
C:\Users\kevin\Desktop\LOG1410\TP5\MordusRecords\LinkManager.cpp(19): error C4716: 'LinkManager::addLink': must return a value
C:\Users\kevin\Desktop\LOG1410\TP5\MordusRecords\LinkManager.cpp(26): error C4716: 'LinkManager::addLink': must return a value
C:\Users\kevin\Desktop\LOG1410\TP5\MordusRecords\LinkManager.cpp(41): error C4716: 'LinkManager::cbegin': must return a value
C:\Users\kevin\Desktop\LOG1410\TP5\MordusRecords\LinkManager.cpp(36): error C4716: 'LinkManager::end': must return a value
C:\Users\kevin\Desktop\LOG1410\TP5\MordusRecords\LinkManager.cpp(31): error C4716: 'LinkManager::begin': must return a value
C:\Users\kevin\Desktop\LOG1410\TP5\MordusRecords\LinkManager.cpp(46): error C4716: 'LinkManager::cend': must return a value
C:\Users\kevin\Desktop\LOG1410\TP5\MordusRecords\LinkManager.cpp(56): error C4716: 'LinkManager::findLinkName': must return a value
C:\Users\kevin\Desktop\LOG1410\TP5\MordusRecords\LinkManager.cpp(61): error C4716: 'LinkManager::findLinkName': must return a value
C:\Users\kevin\Desktop\LOG1410\TP5\MordusRecords\LinkManager.cpp(66): error C4716: 'LinkManager::findLinkType': must return a value
C:\Users\kevin\Desktop\LOG1410\TP5\MordusRecords\LinkManager.cpp(71): error C4716: 'LinkManager::findLinkType': must return a value
C:\Users\kevin\Desktop\LOG1410\TP5\MordusRecords\Link.cpp(19): error C4716: 'Link::clone': must return a value
C:\Users\kevin\Desktop\LOG1410\TP5\MordusRecords\Link.cpp(24): error C4716: 'operator<<': must return a value
